*** Using Compiler 'V5.06 update 5 (build 528)', folder: 'F:\c51\ARM\ARMCC\Bin'
Rebuild target 'OV_Watch'
assembling startup_stm32f411xe.s...
compiling stm32f4xx_it.c...
compiling stm32f4xx_hal_msp.c...
compiling tim.c...
compiling usart.c...
compiling crc.c...
compiling spi.c...
compiling dma.c...
compiling stm32f4xx_hal_timebase_tim.c...
compiling rtc.c...
compiling adc.c...
compiling gpio.c...
compiling freertos.c...
compiling main.c...
compiling stm32f4xx_hal_flash_ramfunc.c...
compiling stm32f4xx_hal_pwr.c...
compiling stm32f4xx_hal_flash_ex.c...
compiling stm32f4xx_hal_gpio.c...
compiling stm32f4xx_hal_flash.c...
compiling stm32f4xx_hal_rcc_ex.c...
compiling stm32f4xx_hal_adc_ex.c...
compiling stm32f4xx_hal_dma.c...
compiling stm32f4xx_hal_rcc.c...
compiling stm32f4xx_hal_adc.c...
compiling stm32f4xx_hal_dma_ex.c...
compiling stm32f4xx_hal_tim_ex.c...
compiling croutine.c...
compiling event_groups.c...
compiling list.c...
compiling stream_buffer.c...
compiling queue.c...
compiling stm32f4xx_hal_tim.c...
compiling timers.c...
compiling heap_4.c...
compiling tasks.c...
compiling port.c...
compiling stm32f4xx_hal.c...
compiling stm32f4xx_hal_pwr_ex.c...
compiling stm32f4xx_hal_exti.c...
compiling stm32f4xx_hal_crc.c...
compiling stm32f4xx_hal_cortex.c...
compiling system_stm32f4xx.c...
compiling stm32f4xx_hal_rtc.c...
compiling stm32f4xx_hal_rtc_ex.c...
compiling stm32f4xx_hal_spi.c...
compiling stm32f4xx_hal_uart.c...
compiling HWDataAccess.c...
..\User\Func\Src\HWDataAccess.c(262): warning:  #68-D: integer conversion resulted in a change of sign
  	return -1;
..\User\Func\Src\HWDataAccess.c(356): warning:  #68-D: integer conversion resulted in a change of sign
  	return -1;
..\User\Func\Src\HWDataAccess.c(398): warning:  #68-D: integer conversion resulted in a change of sign
  	return -1;
..\User\Func\Src\HWDataAccess.c(421): warning:  #68-D: integer conversion resulted in a change of sign
  	return -1;
..\User\Func\Src\HWDataAccess.c(459): warning:  #68-D: integer conversion resulted in a change of sign
  	return -1;
..\User\Func\Src\HWDataAccess.c: 5 warnings, 0 errors
compiling delay.c...
compiling cmsis_os2.c...
compiling lcd_init.c...
compiling user_TasksInit.c...
compiling user_HardwareInitTask.c...
compiling lcd.c...
..\Drivers\BSP\LCD\lcd.c(41): warning:  #177-D: variable "i"  was declared but never referenced
  	u16 i,j,width,height;
..\Drivers\BSP\LCD\lcd.c(41): warning:  #177-D: variable "j"  was declared but never referenced
  	u16 i,j,width,height;
..\Drivers\BSP\LCD\lcd.c: 2 warnings, 0 errors
linking...
Program Size: Code=17400 RO-data=520 RW-data=156 ZI-data=20972  
FromELF: creating hex file...
"OV_Watch\OV_Watch.axf" - 0 Error(s), 7 Warning(s).
Build Time Elapsed:  00:00:07
